This is XeTeX, Version 3.141592653-2.6-0.999995 (MiKTeX 24.1) (preloaded format=xelatex 2024.2.29)  2 MAR 2024 17:52
entering extended mode
 restricted \write18 enabled.
 %&-line parsing enabled.
**./math_model.tex
(math_model.tex
LaTeX2e <2023-11-01> patch level 1
L3 programming layer <2024-01-04>
(C:\Users\Natee\AppData\Local\Programs\MiKTeX\tex/latex/base\article.cls
Document Class: article 2023/05/17 v1.4n Standard LaTeX document class
(C:\Users\Natee\AppData\Local\Programs\MiKTeX\tex/latex/base\size10.clo
File: size10.clo 2023/05/17 v1.4n Standard LaTeX file (size option)
)
\c@part=\count183
\c@section=\count184
\c@subsection=\count185
\c@subsubsection=\count186
\c@paragraph=\count187
\c@subparagraph=\count188
\c@figure=\count189
\c@table=\count190
\abovecaptionskip=\skip48
\belowcaptionskip=\skip49
\bibindent=\dimen140
)
(C:\Users\Natee\AppData\Local\Programs\MiKTeX\tex/latex/mathtools\mathtools.sty
Package: mathtools 2022/06/29 v1.29 mathematical typesetting tools
(C:\Users\Natee\AppData\Local\Programs\MiKTeX\tex/latex/graphics\keyval.sty
Package: keyval 2022/05/29 v1.15 key=value parser (DPC)
\KV@toks@=\toks17
)
(C:\Users\Natee\AppData\Local\Programs\MiKTeX\tex/latex/tools\calc.sty
Package: calc 2023/07/08 v4.3 Infix arithmetic (KKT,FJ)
\calc@Acount=\count191
\calc@Bcount=\count192
\calc@Adimen=\dimen141
\calc@Bdimen=\dimen142
\calc@Askip=\skip50
\calc@Bskip=\skip51
LaTeX Info: Redefining \setlength on input line 80.
LaTeX Info: Redefining \addtolength on input line 81.
\calc@Ccount=\count193
\calc@Cskip=\skip52
)
(C:\Users\Natee\AppData\Local\Programs\MiKTeX\tex/latex/mathtools\mhsetup.sty
Package: mhsetup 2021/03/18 v1.4 programming setup (MH)
)
(C:\Users\Natee\AppData\Local\Programs\MiKTeX\tex/latex/amsmath\amsmath.sty
Package: amsmath 2023/05/13 v2.17o AMS math features
\@mathmargin=\skip53

For additional information on amsmath, use the `?' option.
(C:\Users\Natee\AppData\Local\Programs\MiKTeX\tex/latex/amsmath\amstext.sty
Package: amstext 2021/08/26 v2.01 AMS text

(C:\Users\Natee\AppData\Local\Programs\MiKTeX\tex/latex/amsmath\amsgen.sty
File: amsgen.sty 1999/11/30 v2.0 generic functions
\@emptytoks=\toks18
\ex@=\dimen143
))
(C:\Users\Natee\AppData\Local\Programs\MiKTeX\tex/latex/amsmath\amsbsy.sty
Package: amsbsy 1999/11/29 v1.2d Bold Symbols
\pmbraise@=\dimen144
)
(C:\Users\Natee\AppData\Local\Programs\MiKTeX\tex/latex/amsmath\amsopn.sty
Package: amsopn 2022/04/08 v2.04 operator names
)
\inf@bad=\count194
LaTeX Info: Redefining \frac on input line 234.
\uproot@=\count195
\leftroot@=\count196
LaTeX Info: Redefining \overline on input line 399.
LaTeX Info: Redefining \colon on input line 410.
\classnum@=\count197
\DOTSCASE@=\count198
LaTeX Info: Redefining \ldots on input line 496.
LaTeX Info: Redefining \dots on input line 499.
LaTeX Info: Redefining \cdots on input line 620.
\Mathstrutbox@=\box51
\strutbox@=\box52
LaTeX Info: Redefining \big on input line 722.
LaTeX Info: Redefining \Big on input line 723.
LaTeX Info: Redefining \bigg on input line 724.
LaTeX Info: Redefining \Bigg on input line 725.
\big@size=\dimen145
LaTeX Font Info:    Redeclaring font encoding OML on input line 743.
LaTeX Font Info:    Redeclaring font encoding OMS on input line 744.
\macc@depth=\count199
LaTeX Info: Redefining \bmod on input line 905.
LaTeX Info: Redefining \pmod on input line 910.
LaTeX Info: Redefining \smash on input line 940.
LaTeX Info: Redefining \relbar on input line 970.
LaTeX Info: Redefining \Relbar on input line 971.
\c@MaxMatrixCols=\count266
\dotsspace@=\muskip16
\c@parentequation=\count267
\dspbrk@lvl=\count268
\tag@help=\toks19
\row@=\count269
\column@=\count270
\maxfields@=\count271
\andhelp@=\toks20
\eqnshift@=\dimen146
\alignsep@=\dimen147
\tagshift@=\dimen148
\tagwidth@=\dimen149
\totwidth@=\dimen150
\lineht@=\dimen151
\@envbody=\toks21
\multlinegap=\skip54
\multlinetaggap=\skip55
\mathdisplay@stack=\toks22
LaTeX Info: Redefining \[ on input line 2953.
LaTeX Info: Redefining \] on input line 2954.
)
\g_MT_multlinerow_int=\count272
\l_MT_multwidth_dim=\dimen152
\origjot=\skip56
\l_MT_shortvdotswithinadjustabove_dim=\dimen153
\l_MT_shortvdotswithinadjustbelow_dim=\dimen154
\l_MT_above_intertext_sep=\dimen155
\l_MT_below_intertext_sep=\dimen156
\l_MT_above_shortintertext_sep=\dimen157
\l_MT_below_shortintertext_sep=\dimen158
\xmathstrut@box=\box53
\xmathstrut@dim=\dimen159
)
(C:\Users\Natee\AppData\Local\Programs\MiKTeX\tex/latex/amscls\amsthm.sty
Package: amsthm 2020/05/29 v2.20.6
\thm@style=\toks23
\thm@bodyfont=\toks24
\thm@headfont=\toks25
\thm@notefont=\toks26
\thm@headpunct=\toks27
\thm@preskip=\skip57
\thm@postskip=\skip58
\thm@headsep=\skip59
\dth@everypar=\toks28
)
(C:\Users\Natee\AppData\Local\Programs\MiKTeX\tex/latex/amsfonts\amssymb.sty
Package: amssymb 2013/01/14 v3.01 AMS font symbols

(C:\Users\Natee\AppData\Local\Programs\MiKTeX\tex/latex/amsfonts\amsfonts.sty
Package: amsfonts 2013/01/14 v3.01 Basic AMSFonts support
\symAMSa=\mathgroup4
\symAMSb=\mathgroup5
LaTeX Font Info:    Redeclaring math symbol \hbar on input line 98.
LaTeX Font Info:    Overwriting math alphabet `\mathfrak' in version `bold'
(Font)                  U/euf/m/n --> U/euf/b/n on input line 106.
)) (C:\Users\Natee\AppData\Local\Programs\MiKTeX\tex/latex/thaispec\thaispec.st
y
Package: thaispec version 2021.03.01

(C:\Users\Natee\AppData\Local\Programs\MiKTeX\tex/latex/kvoptions\kvoptions.sty
Package: kvoptions 2022-06-15 v3.15 Key value format for package options (HO)
(C:\Users\Natee\AppData\Local\Programs\MiKTeX\tex/generic/ltxcmds\ltxcmds.sty
Package: ltxcmds 2023-12-04 v1.26 LaTeX kernel commands for general use (HO)
)
(C:\Users\Natee\AppData\Local\Programs\MiKTeX\tex/latex/kvsetkeys\kvsetkeys.sty
Package: kvsetkeys 2022-10-05 v1.19 Key value parser (HO)
))
(C:\Users\Natee\AppData\Local\Programs\MiKTeX\tex/latex/fontspec\fontspec.sty
(C:\Users\Natee\AppData\Local\Programs\MiKTeX\tex/latex/l3packages/xparse\xpars
e.sty
(C:\Users\Natee\AppData\Local\Programs\MiKTeX\tex/latex/l3kernel\expl3.sty
Package: expl3 2024-01-04 L3 programming layer (loader) 

(C:\Users\Natee\AppData\Local\Programs\MiKTeX\tex/latex/l3backend\l3backend-xet
ex.def
File: l3backend-xetex.def 2024-01-04 L3 backend support: XeTeX
\g__graphics_track_int=\count273
\l__pdf_internal_box=\box54
\g__pdf_backend_object_int=\count274
\g__pdf_backend_annotation_int=\count275
\g__pdf_backend_link_int=\count276
))
Package: xparse 2023-10-10 L3 Experimental document command parser
)
Package: fontspec 2022/01/15 v2.8a Font selection for XeLaTeX and LuaLaTeX

(C:\Users\Natee\AppData\Local\Programs\MiKTeX\tex/latex/fontspec\fontspec-xetex
.sty
Package: fontspec-xetex 2022/01/15 v2.8a Font selection for XeLaTeX and LuaLaTe
X
\l__fontspec_script_int=\count277
\l__fontspec_language_int=\count278
\l__fontspec_strnum_int=\count279
\l__fontspec_tmp_int=\count280
\l__fontspec_tmpa_int=\count281
\l__fontspec_tmpb_int=\count282
\l__fontspec_tmpc_int=\count283
\l__fontspec_em_int=\count284
\l__fontspec_emdef_int=\count285
\l__fontspec_strong_int=\count286
\l__fontspec_strongdef_int=\count287
\l__fontspec_tmpa_dim=\dimen160
\l__fontspec_tmpb_dim=\dimen161
\l__fontspec_tmpc_dim=\dimen162
 (C:\Users\Natee\AppData\Local\Programs\MiKTeX\tex/latex/base\fontenc.sty
Package: fontenc 2021/04/29 v2.0v Standard LaTeX package
)
(C:\Users\Natee\AppData\Local\Programs\MiKTeX\tex/latex/fontspec\fontspec.cfg))
)
(C:\Users\Natee\AppData\Local\Programs\MiKTeX\tex/xelatex/ucharclasses\ucharcla
sses.sty
Package: ucharclasses 2022/10/20 v2.6.0 Unicode block character classes for XeL
aTeX

(C:\Users\Natee\AppData\Local\Programs\MiKTeX\tex/generic/iftex\ifxetex.sty
Package: ifxetex 2019/10/25 v0.7 ifxetex legacy package. Use iftex instead.

(C:\Users\Natee\AppData\Local\Programs\MiKTeX\tex/generic/iftex\iftex.sty
Package: iftex 2022/02/03 v1.0f TeX engine tests
))
\AlphabeticPresentationFormsClass=\XeTeXcharclass1
\BasicLatinClass=\XeTeXcharclass2
\LatinExtendedAdditionalClass=\XeTeXcharclass3
\LatinExtendedAClass=\XeTeXcharclass4
\LatinExtendedBClass=\XeTeXcharclass5
\LatinExtendedCClass=\XeTeXcharclass6
\LatinExtendedDClass=\XeTeXcharclass7
\LatinSupplementClass=\XeTeXcharclass8
\ThaiClass=\XeTeXcharclass9
\LatinExtendedEClass=\XeTeXcharclass10
\LatinExtendedFClass=\XeTeXcharclass11
\LatinExtendedGClass=\XeTeXcharclass12
)
(C:\Users\Natee\AppData\Local\Programs\MiKTeX\tex/latex/setspace\setspace.sty
Package: setspace 2022/12/04 v6.7b set line spacing
)
(C:\Users\Natee\AppData\Local\Programs\MiKTeX\tex/latex/polyglossia\polyglossia
.sty
Package: polyglossia 2024/02/17 v2.0 Modern multilingual typesetting with XeLaT
eX and LuaLaTeX

(C:\Users\Natee\AppData\Local\Programs\MiKTeX\tex/latex/etoolbox\etoolbox.sty
Package: etoolbox 2020/10/05 v2.5k e-TeX tools for LaTeX (JAW)
\etb@tempcnta=\count288
)
(C:\Users\Natee\AppData\Local\Programs\MiKTeX\tex/latex/xkeyval\xkeyval.sty
Package: xkeyval 2022/06/16 v2.9 package option processing (HA)

(C:\Users\Natee\AppData\Local\Programs\MiKTeX\tex/generic/xkeyval\xkeyval.tex
(C:\Users\Natee\AppData\Local\Programs\MiKTeX\tex/generic/xkeyval\xkvutils.tex
\XKV@toks=\toks29
\XKV@tempa@toks=\toks30
)
\XKV@depth=\count289
File: xkeyval.tex 2014/12/03 v2.7a key=value parser (HA)
))
(C:\Users\Natee\AppData\Local\Programs\MiKTeX\tex/latex/polyglossia\gloss-latex
.ldf
File: gloss-latex.ldf polyglossia: module for default language
)
Package polyglossia Info: Default language is latex.
)
(C:\Users\Natee\AppData\Local\Programs\MiKTeX\tex/latex/xstring\xstring.sty
(C:\Users\Natee\AppData\Local\Programs\MiKTeX\tex/generic/xstring\xstring.tex
\xs_counta=\count290
\xs_countb=\count291
)
Package: xstring 2023/08/22 v1.86 String manipulations (CT)
) (C:\Users\Natee\AppData\Local\Programs\MiKTeX\tex/latex/xpatch\xpatch.sty
Package: xpatch 2020/03/25 v0.3a Extending etoolbox patching commands
)

Package fontspec Info: THSarabunNew scale = 1.434871390470329.


Package fontspec Info: THSarabunNew scale = 1.434871390470329.


Package fontspec Info: THSarabunNew/B scale = 1.434871390470329.


Package fontspec Info: THSarabunNew/I scale = 1.434871390470329.


Package fontspec Info: THSarabunNew/BI scale = 1.434871390470329.


Package fontspec Info: Font family 'THSarabunNew(0)' created for font
(fontspec)             'THSarabunNew' with options
(fontspec)             [Mapping=tex-text,Scale=MatchUppercase,Mapping=tex-text]
.
(fontspec)              
(fontspec)              This font family consists of the following NFSS
(fontspec)             series/shapes:
(fontspec)              
(fontspec)             - 'normal' (m/n) with NFSS spec.:
(fontspec)             <->s*[1.434871390470329]"THSarabunNew/OT:script=latn;lan
guage=dflt;mapping=tex-text;"
(fontspec)             - 'small caps'  (m/sc) with NFSS spec.: 
(fontspec)             - 'bold' (b/n) with NFSS spec.:
(fontspec)             <->s*[1.434871390470329]"THSarabunNew/B/OT:script=latn;l
anguage=dflt;mapping=tex-text;"
(fontspec)             - 'bold small caps'  (b/sc) with NFSS spec.: 
(fontspec)             - 'italic' (m/it) with NFSS spec.:
(fontspec)             <->s*[1.434871390470329]"THSarabunNew/I/OT:script=latn;l
anguage=dflt;mapping=tex-text;"
(fontspec)             - 'italic small caps'  (m/scit) with NFSS spec.: 
(fontspec)             - 'bold italic' (b/it) with NFSS spec.:
(fontspec)             <->s*[1.434871390470329]"THSarabunNew/BI/OT:script=latn;
language=dflt;mapping=tex-text;"
(fontspec)             - 'bold italic small caps'  (b/scit) with NFSS spec.: 


(C:\Users\Natee\AppData\Local\Programs\MiKTeX\tex/latex/polyglossia\gloss-engli
sh.ldf
File: gloss-english.ldf polyglossia: module for English
Package polyglossia Info: Option: English, variant=american.
)
Package polyglossia Info: Default language is english.

(C:\Users\Natee\AppData\Local\Programs\MiKTeX\tex/latex/polyglossia\gloss-thai.
ldf
File: gloss-thai.ldf polyglossia: module for Thai
)
\c@theorem=\count292
)
(C:\Users\Natee\AppData\Local\Programs\MiKTeX\tex/latex/geometry\geometry.sty
Package: geometry 2020/01/02 v5.9 Page Geometry

(C:\Users\Natee\AppData\Local\Programs\MiKTeX\tex/generic/iftex\ifvtex.sty
Package: ifvtex 2019/10/25 v1.7 ifvtex legacy package. Use iftex instead.
)
\Gm@cnth=\count293
\Gm@cntv=\count294
\c@Gm@tempcnt=\count295
\Gm@bindingoffset=\dimen163
\Gm@wd@mp=\dimen164
\Gm@odd@mp=\dimen165
\Gm@even@mp=\dimen166
\Gm@layoutwidth=\dimen167
\Gm@layoutheight=\dimen168
\Gm@layouthoffset=\dimen169
\Gm@layoutvoffset=\dimen170
\Gm@dimlist=\toks31

(C:\Users\Natee\AppData\Local\Programs\MiKTeX\tex/latex/geometry\geometry.cfg))
(C:\Users\Natee\AppData\Local\Programs\MiKTeX\tex/latex/biblatex\biblatex.sty
Package: biblatex 2023/03/05 v3.19 programmable bibliographies (PK/MW)

(C:\Users\Natee\AppData\Local\Programs\MiKTeX\tex/generic/pdftexcmds\pdftexcmds
.sty
Package: pdftexcmds 2020-06-27 v0.33 Utility functions of pdfTeX for LuaTeX (HO
)

(C:\Users\Natee\AppData\Local\Programs\MiKTeX\tex/generic/infwarerr\infwarerr.s
ty
Package: infwarerr 2019/12/03 v1.5 Providing info/warning/error messages (HO)
)
Package pdftexcmds Info: \pdf@primitive is available.
Package pdftexcmds Info: \pdf@ifprimitive is available.
Package pdftexcmds Info: \pdfdraftmode not found.
) (C:\Users\Natee\AppData\Local\Programs\MiKTeX\tex/latex/logreq\logreq.sty
Package: logreq 2010/08/04 v1.0 xml request logger
\lrq@indent=\count296

(C:\Users\Natee\AppData\Local\Programs\MiKTeX\tex/latex/logreq\logreq.def
File: logreq.def 2010/08/04 v1.0 logreq spec v1.0
))
(C:\Users\Natee\AppData\Local\Programs\MiKTeX\tex/latex/base\ifthen.sty
Package: ifthen 2022/04/13 v1.1d Standard LaTeX ifthen package (DPC)
)
(C:\Users\Natee\AppData\Local\Programs\MiKTeX\tex/latex/url\url.sty
\Urlmuskip=\muskip17
Package: url 2013/09/16  ver 3.4  Verb mode for urls, etc.
)
\c@tabx@nest=\count297
\c@listtotal=\count298
\c@listcount=\count299
\c@liststart=\count300
\c@liststop=\count301
\c@citecount=\count302
\c@citetotal=\count303
\c@multicitecount=\count304
\c@multicitetotal=\count305
\c@instcount=\count306
\c@maxnames=\count307
\c@minnames=\count308
\c@maxitems=\count309
\c@minitems=\count310
\c@citecounter=\count311
\c@maxcitecounter=\count312
\c@savedcitecounter=\count313
\c@uniquelist=\count314
\c@uniquename=\count315
\c@refsection=\count316
\c@refsegment=\count317
\c@maxextratitle=\count318
\c@maxextratitleyear=\count319
\c@maxextraname=\count320
\c@maxextradate=\count321
\c@maxextraalpha=\count322
\c@abbrvpenalty=\count323
\c@highnamepenalty=\count324
\c@lownamepenalty=\count325
\c@maxparens=\count326
\c@parenlevel=\count327
\blx@tempcnta=\count328
\blx@tempcntb=\count329
\blx@tempcntc=\count330
\c@blx@maxsection=\count331
\blx@maxsegment@0=\count332
\blx@notetype=\count333
\blx@parenlevel@text=\count334
\blx@parenlevel@foot=\count335
\blx@sectionciteorder@0=\count336
\blx@sectionciteorderinternal@0=\count337
\blx@entrysetcounter=\count338
\blx@biblioinstance=\count339
\labelnumberwidth=\skip60
\labelalphawidth=\skip61
\biblabelsep=\skip62
\bibitemsep=\skip63
\bibnamesep=\skip64
\bibinitsep=\skip65
\bibparsep=\skip66
\bibhang=\skip67
\blx@bcfin=\read2
\blx@bcfout=\write3
\blx@langwohyphens=\language79
\c@mincomprange=\count340
\c@maxcomprange=\count341
\c@mincompwidth=\count342
Package biblatex Info: Trying to load biblatex default data model...
Package biblatex Info: ... file 'blx-dm.def' found.

(C:\Users\Natee\AppData\Local\Programs\MiKTeX\tex/latex/biblatex\blx-dm.def
File: blx-dm.def 2023/03/05 v3.19 biblatex localization (PK/MW)
)
Package biblatex Info: Trying to load biblatex style data model...
Package biblatex Info: ... file 'numeric.dbx' not found.
Package biblatex Info: Trying to load biblatex custom data model...
Package biblatex Info: ... file 'biblatex-dm.cfg' not found.
\c@afterword=\count343
\c@savedafterword=\count344
\c@annotator=\count345
\c@savedannotator=\count346
\c@author=\count347
\c@savedauthor=\count348
\c@bookauthor=\count349
\c@savedbookauthor=\count350
\c@commentator=\count351
\c@savedcommentator=\count352
\c@editor=\count353
\c@savededitor=\count354
\c@editora=\count355
\c@savededitora=\count356
\c@editorb=\count357
\c@savededitorb=\count358
\c@editorc=\count359
\c@savededitorc=\count360
\c@foreword=\count361
\c@savedforeword=\count362
\c@holder=\count363
\c@savedholder=\count364
\c@introduction=\count365
\c@savedintroduction=\count366
\c@namea=\count367
\c@savednamea=\count368
\c@nameb=\count369
\c@savednameb=\count370
\c@namec=\count371
\c@savednamec=\count372
\c@translator=\count373
\c@savedtranslator=\count374
\c@shortauthor=\count375
\c@savedshortauthor=\count376
\c@shorteditor=\count377
\c@savedshorteditor=\count378
\c@labelname=\count379
\c@savedlabelname=\count380
\c@institution=\count381
\c@savedinstitution=\count382
\c@lista=\count383
\c@savedlista=\count384
\c@listb=\count385
\c@savedlistb=\count386
\c@listc=\count387
\c@savedlistc=\count388
\c@listd=\count389
\c@savedlistd=\count390
\c@liste=\count391
\c@savedliste=\count392
\c@listf=\count393
\c@savedlistf=\count394
\c@location=\count395
\c@savedlocation=\count396
\c@organization=\count397
\c@savedorganization=\count398
\c@origlocation=\count399
\c@savedoriglocation=\count400
\c@origpublisher=\count401
\c@savedorigpublisher=\count402
\c@publisher=\count403
\c@savedpublisher=\count404
\c@language=\count405
\c@savedlanguage=\count406
\c@origlanguage=\count407
\c@savedoriglanguage=\count408
\c@pageref=\count409
\c@savedpageref=\count410
\shorthandwidth=\skip68
\shortjournalwidth=\skip69
\shortserieswidth=\skip70
\shorttitlewidth=\skip71
\shortauthorwidth=\skip72
\shorteditorwidth=\skip73
\locallabelnumberwidth=\skip74
\locallabelalphawidth=\skip75
\localshorthandwidth=\skip76
\localshortjournalwidth=\skip77
\localshortserieswidth=\skip78
\localshorttitlewidth=\skip79
\localshortauthorwidth=\skip80
\localshorteditorwidth=\skip81
Package biblatex Info: Trying to load enhanced support for Unicode engines...
Package biblatex Info: ... file 'blx-unicode.def' found.

(C:\Users\Natee\AppData\Local\Programs\MiKTeX\tex/latex/biblatex\blx-unicode.de
f)
Package biblatex Info: Trying to load compatibility code...
Package biblatex Info: ... file 'blx-compat.def' found.

(C:\Users\Natee\AppData\Local\Programs\MiKTeX\tex/latex/biblatex\blx-compat.def
File: blx-compat.def 2023/03/05 v3.19 biblatex compatibility (PK/MW)
)
Package biblatex Info: Trying to load generic definitions...
Package biblatex Info: ... file 'biblatex.def' found.
 (C:\Users\Natee\AppData\Local\Programs\MiKTeX\tex/latex/biblatex\biblatex.def
File: biblatex.def 2023/03/05 v3.19 biblatex compatibility (PK/MW)
\c@textcitecount=\count411
\c@textcitetotal=\count412
\c@textcitemaxnames=\count413
\c@biburlbigbreakpenalty=\count414
\c@biburlbreakpenalty=\count415
\c@biburlnumpenalty=\count416
\c@biburlucpenalty=\count417
\c@biburllcpenalty=\count418
\biburlbigskip=\muskip18
\biburlnumskip=\muskip19
\biburlucskip=\muskip20
\biburllcskip=\muskip21
\c@smartand=\count419
)
Package biblatex Info: Trying to load bibliography style 'numeric'...
Package biblatex Info: ... file 'numeric.bbx' found.

(C:\Users\Natee\AppData\Local\Programs\MiKTeX\tex/latex/biblatex/bbx\numeric.bb
x
File: numeric.bbx 2023/03/05 v3.19 biblatex bibliography style (PK/MW)
Package biblatex Info: Trying to load bibliography style 'standard'...
Package biblatex Info: ... file 'standard.bbx' found.

(C:\Users\Natee\AppData\Local\Programs\MiKTeX\tex/latex/biblatex/bbx\standard.b
bx
File: standard.bbx 2023/03/05 v3.19 biblatex bibliography style (PK/MW)
\c@bbx:relatedcount=\count420
\c@bbx:relatedtotal=\count421
))
Package biblatex Info: Trying to load citation style 'numeric'...
Package biblatex Info: ... file 'numeric.cbx' found.

(C:\Users\Natee\AppData\Local\Programs\MiKTeX\tex/latex/biblatex/cbx\numeric.cb
x
File: numeric.cbx 2023/03/05 v3.19 biblatex citation style (PK/MW)
Package biblatex Info: Redefining '\cite'.
Package biblatex Info: Redefining '\parencite'.
Package biblatex Info: Redefining '\footcite'.
Package biblatex Info: Redefining '\footcitetext'.
Package biblatex Info: Redefining '\smartcite'.
Package biblatex Info: Redefining '\supercite'.
Package biblatex Info: Redefining '\textcite'.
Package biblatex Info: Redefining '\textcites'.
Package biblatex Info: Redefining '\cites'.
Package biblatex Info: Redefining '\parencites'.
Package biblatex Info: Redefining '\smartcites'.
)
Package biblatex Info: Trying to load configuration file...
Package biblatex Info: ... file 'biblatex.cfg' found.

(C:\Users\Natee\AppData\Local\Programs\MiKTeX\tex/latex/biblatex\biblatex.cfg
File: biblatex.cfg 
)
Package biblatex Info: XeTeX detected.
(biblatex)             Assuming input encoding 'utf8'.
Package biblatex Info: Document encoding is UTF8 ....
Package biblatex Info: ... and expl3
(biblatex)             2024-01-04 L3 programming layer (loader) 
(biblatex)             is new enough (at least 2020/04/06),
(biblatex)             setting 'casechanger=expl3'.

(C:\Users\Natee\AppData\Local\Programs\MiKTeX\tex/latex/biblatex\blx-case-expl3
.sty
Package: blx-case-expl3 2023/03/05 v3.19 expl3 case changing code for biblatex
))
(C:\Users\Natee\AppData\Local\Programs\MiKTeX\tex/latex/graphics\graphicx.sty
Package: graphicx 2021/09/16 v1.2d Enhanced LaTeX Graphics (DPC,SPQR)

(C:\Users\Natee\AppData\Local\Programs\MiKTeX\tex/latex/graphics\graphics.sty
Package: graphics 2022/03/10 v1.4e Standard LaTeX Graphics (DPC,SPQR)

(C:\Users\Natee\AppData\Local\Programs\MiKTeX\tex/latex/graphics\trig.sty
Package: trig 2021/08/11 v1.11 sin cos tan (DPC)
)
(C:\Users\Natee\AppData\Local\Programs\MiKTeX\tex/latex/graphics-cfg\graphics.c
fg
File: graphics.cfg 2016/06/04 v1.11 sample graphics configuration
)
Package graphics Info: Driver file: xetex.def on input line 107.

(C:\Users\Natee\AppData\Local\Programs\MiKTeX\tex/latex/graphics-def\xetex.def
File: xetex.def 2022/09/22 v5.0n Graphics/color driver for xetex
))
\Gin@req@height=\dimen171
\Gin@req@width=\dimen172
)
(C:\Users\Natee\AppData\Local\Programs\MiKTeX\tex/latex/multirow\multirow.sty
Package: multirow 2021/03/15 v2.8 Span multiple rows of a table
\multirow@colwidth=\skip82
\multirow@cntb=\count422
\multirow@dima=\skip83
\bigstrutjot=\dimen173
)
\@quotelevel=\count423
\@quotereset=\count424

No file math_model.aux.
\openout1 = `math_model.aux'.

LaTeX Font Info:    Checking defaults for OML/cmm/m/it on input line 25.
LaTeX Font Info:    ... okay on input line 25.
LaTeX Font Info:    Checking defaults for OMS/cmsy/m/n on input line 25.
LaTeX Font Info:    ... okay on input line 25.
LaTeX Font Info:    Checking defaults for OT1/cmr/m/n on input line 25.
LaTeX Font Info:    ... okay on input line 25.
LaTeX Font Info:    Checking defaults for T1/cmr/m/n on input line 25.
LaTeX Font Info:    ... okay on input line 25.
LaTeX Font Info:    Checking defaults for TS1/cmr/m/n on input line 25.
LaTeX Font Info:    Trying to load font information for TS1+cmr on input line 2
5.
(C:\Users\Natee\AppData\Local\Programs\MiKTeX\tex/latex/base\ts1cmr.fd
File: ts1cmr.fd 2023/04/13 v2.5m Standard LaTeX font definitions
)
LaTeX Font Info:    ... okay on input line 25.
LaTeX Font Info:    Checking defaults for TU/lmr/m/n on input line 25.
LaTeX Font Info:    ... okay on input line 25.
LaTeX Font Info:    Checking defaults for OMX/cmex/m/n on input line 25.
LaTeX Font Info:    ... okay on input line 25.
LaTeX Font Info:    Checking defaults for U/cmr/m/n on input line 25.
LaTeX Font Info:    ... okay on input line 25.

*geometry* driver: auto-detecting
*geometry* detected driver: xetex
*geometry* verbose mode - [ preamble ] result:
* driver: xetex
* paper: a4paper
* layout: <same size as paper>
* layoutoffset:(h,v)=(0.0pt,0.0pt)
* modes: 
* h-part:(L,W,R)=(72.26999pt, 452.9679pt, 72.26999pt)
* v-part:(T,H,B)=(72.26999pt, 700.50687pt, 72.26999pt)
* \paperwidth=597.50787pt
* \paperheight=845.04684pt
* \textwidth=452.9679pt
* \textheight=700.50687pt
* \oddsidemargin=0.0pt
* \evensidemargin=0.0pt
* \topmargin=-37.0pt
* \headheight=12.0pt
* \headsep=25.0pt
* \topskip=10.0pt
* \footskip=30.0pt
* \marginparwidth=65.0pt
* \marginparsep=11.0pt
* \columnsep=10.0pt
* \skip\footins=9.0pt plus 4.0pt minus 2.0pt
* \hoffset=0.0pt
* \voffset=0.0pt
* \mag=1000
* \@twocolumnfalse
* \@twosidefalse
* \@mparswitchfalse
* \@reversemarginfalse
* (1in=72.27pt=25.4mm, 1cm=28.453pt)

Package biblatex Info: Trying to load language 'thai'...
Package biblatex Info: ... file 'thai.lbx' not found.

Package biblatex Warning: Language 'thai' not supported.
(biblatex)                Using dummy definitions on input line 25.

Package biblatex Info: Trying to load language 'american'...
Package biblatex Info: ... file 'american.lbx' found.

(C:\Users\Natee\AppData\Local\Programs\MiKTeX\tex/latex/biblatex/lbx\american.l
bx
File: american.lbx 2023/03/05 v3.19 biblatex localization (PK/MW)
Package biblatex Info: Trying to load language 'english'...
Package biblatex Info: ... file 'english.lbx' found.

(C:\Users\Natee\AppData\Local\Programs\MiKTeX\tex/latex/biblatex/lbx\english.lb
x
File: english.lbx 2023/03/05 v3.19 biblatex localization (PK/MW)
)
Package biblatex Info: Trying to load language 'english'...
Package biblatex Info: ... file 'english.lbx' found.

(C:\Users\Natee\AppData\Local\Programs\MiKTeX\tex/latex/biblatex/lbx\english.lb
x
File: english.lbx 2023/03/05 v3.19 biblatex localization (PK/MW)
))
Package biblatex Info: XeTeX detected.
(biblatex)             Assuming input encoding 'utf8'.
Package biblatex Info: Automatic encoding selection.
(biblatex)             Assuming data encoding 'utf8'.
\openout3 = `math_model.bcf'.

Package biblatex Info: Trying to load bibliographic data...
Package biblatex Info: ... file 'math_model.bbl' not found.

No file math_model.bbl.
Package biblatex Info: Reference section=0 on input line 25.
Package biblatex Info: Reference segment=0 on input line 25.
LaTeX Info: Redefining \rmfamily on input line 25.
LaTeX Info: Redefining \sffamily on input line 25.
LaTeX Info: Redefining \ttfamily on input line 25.
LaTeX Font Info:    Font shape `TU/THSarabunNew(0)/m/n' will be
(Font)              scaled to size 24.79463pt on input line 27.
LaTeX Font Info:    Trying to load font information for U+msa on input line 27.

(C:\Users\Natee\AppData\Local\Programs\MiKTeX\tex/latex/amsfonts\umsa.fd
File: umsa.fd 2013/01/14 v3.01 AMS symbols A
)
LaTeX Font Info:    Trying to load font information for U+msb on input line 27.


(C:\Users\Natee\AppData\Local\Programs\MiKTeX\tex/latex/amsfonts\umsb.fd
File: umsb.fd 2013/01/14 v3.01 AMS symbols B
)
LaTeX Font Info:    Font shape `TU/THSarabunNew(0)/m/n' will be
(Font)              scaled to size 17.2185pt on input line 27.
LaTeX Font Info:    Font shape `TU/THSarabunNew(0)/m/n' will be
(Font)              scaled to size 12.91388pt on input line 30.

Overfull \hbox (10.50552pt too wide) in paragraph at lines 30--31
[]\TU/THSarabunNew(0)/m/n/9 แบบจำลองทางคณิตศาสตร์การเรียนรู้ตัวอักษรคันจิ เป็นแ
บบจำลองที่ถูกออกแบบมาเพื่อให้สามารถวิเคราะห์ผลการเรียน
 []

LaTeX Font Info:    Font shape `TU/THSarabunNew(0)/bx/n' in size <14.4> not ava
ilable
(Font)              Font shape `TU/THSarabunNew(0)/b/n' tried instead on input 
line 33.
LaTeX Font Info:    Font shape `TU/THSarabunNew(0)/b/n' will be
(Font)              scaled to size 20.66219pt on input line 33.
LaTeX Font Info:    Font shape `TU/THSarabunNew(0)/m/n' will be
(Font)              scaled to size 14.34875pt on input line 34.

LaTeX Warning: Citation 'หลักสูตรสาขาวิชาภาษาญี่ปุ่น2561' on page 1 undefined o
n input line 34.

LaTeX Font Info:    Font shape `TU/THSarabunNew(0)/bx/n' in size <10> not avail
able
(Font)              Font shape `TU/THSarabunNew(0)/b/n' tried instead on input 
line 34.
LaTeX Font Info:    Font shape `TU/THSarabunNew(0)/b/n' will be
(Font)              scaled to size 14.34875pt on input line 34.

Overfull \hbox (6.09186pt too wide) in paragraph at lines 34--35
\TU/THSarabunNew(0)/m/n/10 ต้องผลิตบุคลากรที่มีความเข้าใจสังคมและวัฒนธรรมของประ
เทศญี่ปุ่นอันจะนำไปสู่การสามารถติดต่อสื่อกับชาวญี่ปุ่นได้อย่าง
 []


Overfull \hbox (12.2449pt too wide) in paragraph at lines 36--37
[]\TU/THSarabunNew(0)/m/n/10 จากที่กล่าวข้างต้น ทำให้เราเล็งเห็นถึงปัญหาหนึ่งที
่สำคัญเป็นอย่างยิ่งในการเรียนรู้วัฒนธรรมของประเทศญี่ปุ่นนั้นก็คือ การ
 []


Overfull \hbox (1.69704pt too wide) in paragraph at lines 36--37
\TU/THSarabunNew(0)/m/n/10 ที่ประเทศญี่ปุ่นใช้ตัวอักษรคันจิในการสื่อสารในชีวิตป
ระจำวัน โดยคันจิหมายถึงตัวอักษรภาพที่ประเทศจีนและประเทศญี่ปุ่น
 []


Overfull \hbox (6.71913pt too wide) in paragraph at lines 36--37
\TU/THSarabunNew(0)/m/n/10 มีใช้ร่วมกันเพื่อใช้ในการสื่อสารกันในสังคมของประเทศต
นเอง ดังนั้นการที่เราจะเข้าใจถึงสังคมและวัฒนธรรมได้นั้นไม่เพียงแต่
 []


Overfull \hbox (2.7589pt too wide) in paragraph at lines 36--37
\TU/THSarabunNew(0)/m/n/10 จะต้องเข้าใจไวยากรณ์ แต่ต้องเข้าใจถึงตัวอักษรคันจิที
่สามารถสื่อได้ถึงความหมายด้วยจึงจะสามารถบรรลุผลการศึกษาภาษา
 []


Overfull \hbox (23.7383pt too wide) in paragraph at lines 38--39
[]\TU/THSarabunNew(0)/m/n/10 เมื่อเราทราบถึงปัญหาแล้ว โจทย์ที่เราจะต้องแก้ปัญหา
ให้ได้นั้นก็คือ จะสร้างแบบจำลองทางคณิตศาสตร์อย่างไรเพื่อให้สามารถ
 []


Overfull \hbox (16.76729pt too wide) in paragraph at lines 38--39
\TU/THSarabunNew(0)/m/n/10 พยากรณ์วันเวลาทั้งหมดที่ใช้ในการเรียนรู้ตัวอักษรคันจ
ิและสามารถหาจำนวนตัวอักษรคันจิที่ควรเรียนภายใต้เวลาเรียนที่กำหนด
 []


Overfull \hbox (3.33838pt too wide) in paragraph at lines 40--41
[]\TU/THSarabunNew(0)/m/n/10 ดังนั้นกลุ่มเราจึงได้จัดทำแบบจำลองทางคณิตศาสตร์การ
เรียนรู้ตัวอักษรคันจิ เพื่อให้สามารถศึกษาการเรียนรู้ตัวอักษรคัน
 []


Overfull \hbox (5.8582pt too wide) in paragraph at lines 40--41
\TU/THSarabunNew(0)/m/n/10 จิที่เหมาะสมได้รวมถึงหาจำนวนตัวอักษรคันจิที่ควรเรียน
ภายใต้เวลาเรียนที่กำหนด ซึ่งจะช่วยให้หลักสูตรสาขาวิชาภาษาญี่ปุ่น
 []


Overfull \hbox (1.09442pt too wide) in paragraph at lines 43--46
\TU/THSarabunNew(0)/m/n/10 ในการจะสร้างแบบจำลองทางคณิตศาสตร์การเรียนรู้ตัวอักษร
คันจิได้นั้น จำเป็นจะต้องอาศัยข้อมูลวิชาที่เรียนรู้ตัวอักษรคันจิ
 []


Underfull \hbox (badness 10000) in paragraph at lines 43--46
\TU/THSarabunNew(0)/m/n/10 จากหลักสูตรสาขาวิชาภาษาญี่ปุ่นโดยได้มาจากมหาวิทยาลัย
ธรรมศาสตร์ซึ่งมีข้อมูลดังต่อไปนี้ 
 []

[1

]

LaTeX Warning: Citation 'ebbinghaus1913memory' on page 2 undefined on input lin
e 57.


Overfull \hbox (102.80139pt too wide) in paragraph at lines 57--58
[]\TU/THSarabunNew(0)/m/n/10 นอกจากความรู้ที่เกี่ยวกับหลักสูตรสาขาวิชาภาษาญี่ปุ
่น เรายังจำเป็นที่จะต้องรู้หลักการ \TU/lmr/m/n/10 The Forgetting Curve[[]]
 []


Overfull \hbox (4.72061pt too wide) in paragraph at lines 57--58
\TU/THSarabunNew(0)/m/n/10 ซึ่งเป็นหลักการที่อธิบายการเรียนรู้ของมนุษย์ที่ถ้ามน
ุษย์เรียนรู้สิ่งใดสิ่งหนึ่งไปแล้วจะค่อยๆ หลงลืมตามเวลาที่ผ่านไป โดยจาก
 []


Overfull \hbox (1.33282pt too wide) in paragraph at lines 57--58
\TU/THSarabunNew(0)/m/n/10 การทดสอบพบว่า หากมนุษย์เราเรียนรู้สิ่งใดสิ่งหนึ่งมาแ
ล้วแต่ไม่ได้กลับไปทบทวนซ้ำเป็นเวลา \TU/lmr/m/n/10 1 \TU/THSarabunNew(0)/m/n/10 
วัน สิ่งที่มนุษย์คนนั้นได้เรียน
 []


LaTeX Warning: Citation 'MathematicalModeling' on page 2 undefined on input lin
e 59.


Overfull \hbox (1.24347pt too wide) in paragraph at lines 59--60
[]\TU/THSarabunNew(0)/m/n/10 สิ่งสุดท้ายที่จำเป็นสำหรับการทำแบบจำลองทางคณิตศาสต
ร์ของเรานั้นจะขาดไปไม่ได้นั้นคือ ความรู้พื้นฐานจากวิชาการ
 []


Overfull \hbox (9.05034pt too wide) in paragraph at lines 59--60
\TU/THSarabunNew(0)/m/n/10 สร้างตัวแบบทางคณิตศาสตร์\TU/lmr/m/n/10 [[]] \TU/THSa
rabunNew(0)/m/n/10 ที่เป็นแหล่งอ้างอิงแบบจำลองทางคณิตศาสตร์แบบต่างๆ ที่ช่วย
 []

LaTeX Font Info:    Font shape `TU/THSarabunNew(0)/bx/n' in size <12> not avail
able
(Font)              Font shape `TU/THSarabunNew(0)/b/n' tried instead on input 
line 63.
LaTeX Font Info:    Font shape `TU/THSarabunNew(0)/b/n' will be
(Font)              scaled to size 17.2185pt on input line 63.

LaTeX Warning: File `1.png' not found on input line 67.

! Unable to load picture or PDF file '1.png'.
<to be read again> 
                   }
l.67 \includegraphics[scale=0.5]{1.png}
                                       
? 
File: 1.png Graphic file (type bmp)
<1.png>
[2]

LaTeX Warning: Citation 'ebbinghaus1913memory' on page 3 undefined on input lin
e 98.


Overfull \hbox (128.97649pt too wide) in paragraph at lines 98--99
[]\TU/THSarabunNew(0)/m/n/10 การเรียนรู้ตัวอักษรคันจิในแต่ละวันสามารถหลงลืมตัวอ
ักษรคันจิที่เคยเรียนรู้ได้ด้วยหลักการ \TU/lmr/m/n/10 The Forgetting Curve[[]] 
 []


Overfull \hbox (6.39355pt too wide) in paragraph at lines 100--101
[]\TU/THSarabunNew(0)/m/n/10 เวลาที่ใช้ในการเรียนรู้ตัวอักษรคันจิจะไม่นับเวลาช่
วงปิดเทอมเข้ามาเกี่ยวข้อง โดยถือว่าการเรียนรู้ตัวอักษรคันจิจะเรียน
 []

[3]

LaTeX Warning: Reference `fig:inoutput' on page 4 undefined on input line 128.


LaTeX Warning: Reference `fig:inoutput' on page 4 undefined on input line 128.


LaTeX Warning: Citation 'ebbinghaus1913memory' on page 4 undefined on input lin
e 131.


LaTeX Warning: File `2.png' not found on input line 135.

! Unable to load picture or PDF file '2.png'.
<to be read again> 
                   }
l.135 \includegraphics[scale=0.75]{2.png}
                                         
? 
File: 2.png Graphic file (type bmp)
<2.png>

LaTeX Warning: Citation 'ebbinghaus1913memory' on page 4 undefined on input lin
e 140.


LaTeX Warning: Reference `fig:graph1' on page 4 undefined on input line 143.


LaTeX Warning: Citation 'ebbinghaus1913memory' on page 4 undefined on input lin
e 143.


LaTeX Warning: File `3.png' not found on input line 147.

! Unable to load picture or PDF file '3.png'.
<to be read again> 
                   }
l.147 \includegraphics[scale=0.75]{3.png}
                                         
? 